-------------------------------------------------------------------------------
Test set: com.leeyou.search.service.PostThumbServiceTest
-------------------------------------------------------------------------------
Tests run: 1, Failures: 0, Errors: 1, Skipped: 0, Time elapsed: 0.011 s <<< FAILURE! - in com.leeyou.search.service.PostThumbServiceTest
doPostThumb  Time elapsed: 0.008 s  <<< ERROR!
com.leeyou.search.exception.BusinessException: 请求数据不存在
	at com.leeyou.search.service.PostThumbServiceTest.doPostThumb(PostThumbServiceTest.java:31)

